e:\687\project#4\pj2yuxinhu1\translator\debug\vc141.pdb
e:\687\project#4\pj2yuxinhu1\translator\debug\translator.obj
e:\687\project#4\pj2yuxinhu1\translator\debug\assemblyinfo.obj
e:\687\project#4\pj2yuxinhu1\translator\debug\.netframework,version=v4.6.1.assemblyattributes.obj
e:\687\project#4\pj2yuxinhu1\translator\debug\.netframework,version=v4.6.1.assemblyattributes.asm
e:\687\project#4\1version\pj2yuxinhu1\translator\debug\vc141.pdb
e:\687\project#4\1version\pj2yuxinhu1\translator\debug\translator.obj
e:\687\project#4\1version\pj2yuxinhu1\translator\debug\assemblyinfo.obj
e:\687\project#4\test\pj2yuxinhu1\translator\debug\vc141.pdb
e:\687\project#4\test\pj2yuxinhu1\translator\debug\translator.obj
e:\687\project#4\test\pj2yuxinhu1\translator\debug\assemblyinfo.obj
e:\687\project#4\sendfiletest\pj2yuxinhu1\translator\debug\vc141.pdb
e:\687\project#4\sendfiletest\pj2yuxinhu1\translator\debug\translator.obj
e:\687\project#4\sendfiletest\pj2yuxinhu1\translator\debug\assemblyinfo.obj
e:\687\project#4\muticlient\pj2yuxinhu1\translator\debug\vc141.pdb
e:\687\project#4\muticlient\pj2yuxinhu1\translator\debug\translator.obj
e:\687\project#4\muticlient\pj2yuxinhu1\translator\debug\assemblyinfo.obj
e:\687\project#4\pj2yuxinhu1\debug\translator.dll
e:\687\project#4\pj2yuxinhu1\debug\translator.pdb
e:\687\project#4\1version\pj2yuxinhu1\debug\translator.dll
e:\687\project#4\1version\pj2yuxinhu1\debug\translator.pdb
e:\687\project#4\test\pj2yuxinhu1\debug\translator.dll
e:\687\project#4\test\pj2yuxinhu1\debug\translator.pdb
e:\687\project#4\sendfiletest\pj2yuxinhu1\debug\translator.dll
e:\687\project#4\sendfiletest\pj2yuxinhu1\debug\translator.pdb
e:\687\project#4\muticlient\pj2yuxinhu1\debug\translator.dll
e:\687\project#4\muticlient\pj2yuxinhu1\debug\translator.pdb
e:\687\project#4\muticlient\pj2yuxinhu1\translator\debug\translator.vcxprojassemblyreference.cache
e:\687\project#4\muticlient\pj2yuxinhu1\translator\debug\.netframework,version=v4.6.1.assemblyattributes.obj
e:\687\project#4\muticlient\pj2yuxinhu1\translator\debug\translator.tlog\cl.command.1.tlog
e:\687\project#4\muticlient\pj2yuxinhu1\translator\debug\translator.tlog\cl.read.1.tlog
e:\687\project#4\muticlient\pj2yuxinhu1\translator\debug\translator.tlog\cl.write.1.tlog
e:\687\project#4\muticlient\pj2yuxinhu1\translator\debug\translator.tlog\link.command.1.tlog
e:\687\project#4\muticlient\pj2yuxinhu1\translator\debug\translator.tlog\link.read.1.tlog
e:\687\project#4\muticlient\pj2yuxinhu1\translator\debug\translator.tlog\link.write.1.tlog
e:\687\project#4\muticlient\pj2yuxinhu1\translator\debug\translator.tlog\metagen.read.1.tlog
e:\687\project#4\muticlient\pj2yuxinhu1\translator\debug\translator.tlog\metagen.write.1.tlog
